<?xml version="1.0" encoding="UTF-8"?>
<!-- Generated by org.testng.reporters.JUnitReportReporter -->
<testsuite hostname="LAPTOP-0M17UIVA" failures="0" tests="3" name="testngclasses.parameterization.DataProviderWithExcelFile" time="97.197" errors="0" timestamp="2025-01-06T08:50:33 IST" skipped="0">
  <testcase classname="testngclasses.parameterization.DataProviderWithExcelFile" name="verifyNeedOfParameterization" time="34.724"/>
  <testcase classname="testngclasses.parameterization.DataProviderWithExcelFile" name="verifyNeedOfParameterization" time="43.330"/>
  <testcase classname="testngclasses.parameterization.DataProviderWithExcelFile" name="verifyNeedOfParameterization" time="19.143"/>
</testsuite> <!-- testngclasses.parameterization.DataProviderWithExcelFile -->
